<?xml version="1.0" encoding="UTF-8"?>
<robot generator="Robot 7.2.2 (Python 3.13.3 on win32)" generated="2025-04-27T19:05:23.666882" rpa="false" schemaversion="5">
<suite id="s1" name="Tests" source="D:\GitHub Repo\Robot-framework-projects\tests.robot">
<test id="s1-t1" name="Open Websites" line="5">
<kw name="Open Browser" owner="SeleniumLibrary">
<msg time="2025-04-27T19:05:24.486978" level="INFO">Opening browser 'chrome' to base url 'https://demo.opencart.com/'.</msg>
<arg>https://demo.opencart.com/</arg>
<arg>chrome</arg>
<doc>Opens a new browser instance to the optional ``url``.</doc>
<status status="PASS" start="2025-04-27T19:05:24.486057" elapsed="5.273826"/>
</kw>
<kw name="Sleep" owner="BuiltIn">
<msg time="2025-04-27T19:05:34.762678" level="INFO">Slept 5 seconds.</msg>
<arg>5s</arg>
<doc>Pauses the test executed for the given time.</doc>
<status status="PASS" start="2025-04-27T19:05:29.761366" elapsed="5.001493"/>
</kw>
<kw name="Close Browser" owner="SeleniumLibrary">
<doc>Closes the current browser.</doc>
<status status="PASS" start="2025-04-27T19:05:34.763380" elapsed="6.263016"/>
</kw>
<status status="PASS" start="2025-04-27T19:05:24.484557" elapsed="16.542262"/>
</test>
<status status="PASS" start="2025-04-27T19:05:23.670697" elapsed="17.357133"/>
</suite>
<statistics>
<total>
<stat pass="1" fail="0" skip="0">All Tests</stat>
</total>
<tag>
</tag>
<suite>
<stat name="Tests" id="s1" pass="1" fail="0" skip="0">Tests</stat>
</suite>
</statistics>
<errors>
</errors>
</robot>
