<?xml version="1.0" encoding="UTF-8"?>
<robot generator="Robot 7.2.2 (Python 3.13.3 on win32)" generated="2025-04-27T20:06:43.683650" rpa="false" schemaversion="5">
<suite id="s1" name="Tests" source="D:\GitHub Repo\Robot-framework-projects\ecommerce-testing\tests">
<suite id="s1-s1" name="Test Open Website" source="D:\GitHub Repo\Robot-framework-projects\ecommerce-testing\tests\test_open_website.robot">
<test id="s1-s1-t1" name="Open Website" line="6">
<kw name="Open Browser" owner="SeleniumLibrary">
<msg time="2025-04-27T20:06:44.181130" level="WARN">exexcutable_path is being deprecated. Please use service to configure the driver's executable_path as per documentation.</msg>
<msg time="2025-04-27T20:06:44.181526" level="INFO">Opening browser 'chrome' to base url 'https://demo.opencart.com/'.</msg>
<arg>${URL}</arg>
<arg>chrome</arg>
<arg>executable_path=${CHROMEDRIVER}</arg>
<doc>Opens a new browser instance to the optional ``url``.</doc>
<status status="PASS" start="2025-04-27T20:06:44.180750" elapsed="1.720987"/>
</kw>
<kw name="Sleep" owner="BuiltIn">
<msg time="2025-04-27T20:06:50.903034" level="INFO">Slept 5 seconds.</msg>
<arg>5s</arg>
<doc>Pauses the test executed for the given time.</doc>
<status status="PASS" start="2025-04-27T20:06:45.902494" elapsed="5.000676"/>
</kw>
<kw name="Close Browser" owner="SeleniumLibrary">
<doc>Closes the current browser.</doc>
<status status="PASS" start="2025-04-27T20:06:50.903619" elapsed="2.200048"/>
</kw>
<status status="PASS" start="2025-04-27T20:06:44.179551" elapsed="8.924490"/>
</test>
<status status="PASS" start="2025-04-27T20:06:43.731411" elapsed="9.373503"/>
</suite>
<status status="PASS" start="2025-04-27T20:06:43.685957" elapsed="9.420184"/>
</suite>
<statistics>
<total>
<stat pass="1" fail="0" skip="0">All Tests</stat>
</total>
<tag>
</tag>
<suite>
<stat name="Tests" id="s1" pass="1" fail="0" skip="0">Tests</stat>
<stat name="Test Open Website" id="s1-s1" pass="1" fail="0" skip="0">Tests.Test Open Website</stat>
</suite>
</statistics>
<errors>
<msg time="2025-04-27T20:06:44.181130" level="WARN">exexcutable_path is being deprecated. Please use service to configure the driver's executable_path as per documentation.</msg>
</errors>
</robot>
