<?xml version="1.0" encoding="UTF-8"?>
<robot generator="Robot 7.2.2 (Python 3.13.3 on win32)" generated="2025-05-08T13:13:11.504398" rpa="false" schemaversion="5">
<suite id="s1" name="Test Login Negative" source="D:\GitHub Repo\Robot-framework-projects\ui-testing\ecommerce-testing\tests\test_login_negative.robot">
<test id="s1-t1" name="Login With Locked Out User" line="19">
<kw name="Open Browser To Login Page" type="SETUP">
<kw name="Open Browser" owner="SeleniumLibrary">
<msg time="2025-05-08T13:13:11.942719" level="INFO">Opening browser 'chrome' to base url 'https://www.saucedemo.com'.</msg>
<arg>${URL}</arg>
<arg>${BROWSER}</arg>
<doc>Opens a new browser instance to the optional ``url``.</doc>
<status status="PASS" start="2025-05-08T13:13:11.942286" elapsed="1.872960"/>
</kw>
<kw name="Maximize Browser Window" owner="SeleniumLibrary">
<doc>Maximizes current browser window.</doc>
<status status="PASS" start="2025-05-08T13:13:13.815549" elapsed="0.028901"/>
</kw>
<status status="PASS" start="2025-05-08T13:13:11.941063" elapsed="1.903691"/>
</kw>
<kw name="Input Text" owner="SeleniumLibrary">
<msg time="2025-05-08T13:13:13.846316" level="INFO">Typing text 'locked_out_user' into text field 'id=user-name'.</msg>
<arg>id=user-name</arg>
<arg>${LOCKED_USER}</arg>
<doc>Types the given ``text`` into the text field identified by ``locator``.</doc>
<status status="PASS" start="2025-05-08T13:13:13.845418" elapsed="0.149416"/>
</kw>
<kw name="Input Text" owner="SeleniumLibrary">
<msg time="2025-05-08T13:13:13.995975" level="INFO">Typing text 'secret_sauce' into text field 'id=password'.</msg>
<arg>id=password</arg>
<arg>${STANDARD_PASS}</arg>
<doc>Types the given ``text`` into the text field identified by ``locator``.</doc>
<status status="PASS" start="2025-05-08T13:13:13.995502" elapsed="0.119053"/>
</kw>
<kw name="Click Button" owner="SeleniumLibrary">
<msg time="2025-05-08T13:13:14.115333" level="INFO">Clicking button 'id=login-button'.</msg>
<arg>id=login-button</arg>
<doc>Clicks the button identified by ``locator``.</doc>
<status status="PASS" start="2025-05-08T13:13:14.115023" elapsed="0.103141"/>
</kw>
<kw name="Page Should Contain Element" owner="SeleniumLibrary">
<msg time="2025-05-08T13:13:14.230457" level="INFO">Current page contains element 'css=h3[data-test="error"]'.</msg>
<arg>css=h3[data-test="error"]</arg>
<doc>Verifies that element ``locator`` is found on the current page.</doc>
<status status="PASS" start="2025-05-08T13:13:14.218602" elapsed="0.012002"/>
</kw>
<kw name="Element Text Should Be" owner="SeleniumLibrary">
<msg time="2025-05-08T13:13:14.231598" level="INFO">Verifying element 'css=h3[data-test="error"]' contains exact text 'Epic sadface: Sorry, this user has been locked out.'.</msg>
<arg>css=h3[data-test="error"]</arg>
<arg>Epic sadface: Sorry, this user has been locked out.</arg>
<doc>Verifies that element ``locator`` contains exact the text ``expected``.</doc>
<status status="PASS" start="2025-05-08T13:13:14.231161" elapsed="0.047678"/>
</kw>
<kw name="Close Browser" owner="SeleniumLibrary" type="TEARDOWN">
<doc>Closes the current browser.</doc>
<status status="PASS" start="2025-05-08T13:13:14.279455" elapsed="2.288618"/>
</kw>
<status status="PASS" start="2025-05-08T13:13:11.939940" elapsed="4.628400"/>
</test>
<test id="s1-t2" name="Login With Problem User" line="27">
<kw name="Open Browser To Login Page" type="SETUP">
<kw name="Open Browser" owner="SeleniumLibrary">
<msg time="2025-05-08T13:13:16.570218" level="INFO">Opening browser 'chrome' to base url 'https://www.saucedemo.com'.</msg>
<arg>${URL}</arg>
<arg>${BROWSER}</arg>
<doc>Opens a new browser instance to the optional ``url``.</doc>
<status status="PASS" start="2025-05-08T13:13:16.569960" elapsed="1.922669"/>
</kw>
<kw name="Maximize Browser Window" owner="SeleniumLibrary">
<doc>Maximizes current browser window.</doc>
<status status="PASS" start="2025-05-08T13:13:18.492904" elapsed="0.045491"/>
</kw>
<status status="PASS" start="2025-05-08T13:13:16.569613" elapsed="1.969015"/>
</kw>
<kw name="Input Text" owner="SeleniumLibrary">
<msg time="2025-05-08T13:13:18.539628" level="INFO">Typing text 'problem_user' into text field 'id=user-name'.</msg>
<arg>id=user-name</arg>
<arg>${PROBLEM_USER}</arg>
<doc>Types the given ``text`` into the text field identified by ``locator``.</doc>
<status status="PASS" start="2025-05-08T13:13:18.539079" elapsed="0.184089"/>
</kw>
<kw name="Input Text" owner="SeleniumLibrary">
<msg time="2025-05-08T13:13:18.724141" level="INFO">Typing text 'secret_sauce' into text field 'id=password'.</msg>
<arg>id=password</arg>
<arg>${STANDARD_PASS}</arg>
<doc>Types the given ``text`` into the text field identified by ``locator``.</doc>
<status status="PASS" start="2025-05-08T13:13:18.723701" elapsed="0.129211"/>
</kw>
<kw name="Click Button" owner="SeleniumLibrary">
<msg time="2025-05-08T13:13:18.853820" level="INFO">Clicking button 'id=login-button'.</msg>
<arg>id=login-button</arg>
<doc>Clicks the button identified by ``locator``.</doc>
<status status="PASS" start="2025-05-08T13:13:18.853361" elapsed="0.129748"/>
</kw>
<kw name="Page Should Contain Element" owner="SeleniumLibrary">
<msg time="2025-05-08T13:13:18.998342" level="INFO">Current page contains element 'xpath=//*[@id="header_container"]/div[2]/span'.</msg>
<arg>xpath=//*[@id="header_container"]/div[2]/span</arg>
<doc>Verifies that element ``locator`` is found on the current page.</doc>
<status status="PASS" start="2025-05-08T13:13:18.983481" elapsed="0.014998"/>
</kw>
<kw name="Get Element Attribute" owner="SeleniumLibrary">
<msg time="2025-05-08T13:13:19.025441" level="INFO">${image_alt} = Open Menu</msg>
<var>${image_alt}</var>
<arg>xpath=(//img)[1]</arg>
<arg>alt</arg>
<doc>Returns the value of ``attribute`` from the element ``locator``.</doc>
<status status="PASS" start="2025-05-08T13:13:18.998894" elapsed="0.026606"/>
</kw>
<kw name="Should Be Equal As Strings" owner="BuiltIn">
<msg time="2025-05-08T13:13:19.026318" level="FAIL">Open Menu != Sauce Labs Backpack</msg>
<arg>${image_alt}</arg>
<arg>Sauce Labs Backpack</arg>
<doc>Fails if objects are unequal after converting them to strings.</doc>
<status status="FAIL" start="2025-05-08T13:13:19.025877" elapsed="0.000647">Open Menu != Sauce Labs Backpack</status>
</kw>
<kw name="Close Browser" owner="SeleniumLibrary" type="TEARDOWN">
<doc>Closes the current browser.</doc>
<status status="PASS" start="2025-05-08T13:13:19.027122" elapsed="2.263282"/>
</kw>
<status status="FAIL" start="2025-05-08T13:13:16.569087" elapsed="4.722129">Open Menu != Sauce Labs Backpack</status>
</test>
<status status="FAIL" start="2025-05-08T13:13:11.507122" elapsed="9.787397"/>
</suite>
<statistics>
<total>
<stat pass="1" fail="1" skip="0">All Tests</stat>
</total>
<tag>
</tag>
<suite>
<stat name="Test Login Negative" id="s1" pass="1" fail="1" skip="0">Test Login Negative</stat>
</suite>
</statistics>
<errors>
</errors>
</robot>
